<?xml version="1.0" encoding="UTF-8"?>
<!-- Generated by org.testng.reporters.JUnitXMLReporter -->
<testsuite ignored="0" hostname="Varsha-R-Yattinahalli-B632s-MacBook-Pro.local" failures="0" tests="2" name="Default test" time="5.935" errors="0" timestamp="2022-07-19T11:06:14 IST">
  <testcase classname="utilities.CommonOps" name="@BeforeClass startSession" time="-1.658208968563E9">
    <failure type="org.testng.TestNGException" message="
Parameter &amp;apos;PlatformName&amp;apos; is required by BeforeClass on method startSession but has not been marked @Optional or defined
in /private/var/folders/16/r7_qv8_12dv2ypkbx312fc_m0000gq/T/testng-eclipse--1284726543/testng-customsuite.xml">
      <![CDATA[org.testng.TestNGException: 
Parameter 'PlatformName' is required by BeforeClass on method startSession but has not been marked @Optional or defined
in /private/var/folders/16/r7_qv8_12dv2ypkbx312fc_m0000gq/T/testng-eclipse--1284726543/testng-customsuite.xml
at org.testng.internal.Parameters.createParams(Parameters.java:270)
at org.testng.internal.Parameters.createParametersForMethod(Parameters.java:358)
at org.testng.internal.Parameters.createParameters(Parameters.java:700)
at org.testng.internal.Parameters.createConfigurationParameters(Parameters.java:168)
at org.testng.internal.ConfigInvoker.invokeConfigurations(ConfigInvoker.java:302)
at org.testng.internal.TestMethodWorker.invokeBeforeClassMethods(TestMethodWorker.java:176)
at org.testng.internal.TestMethodWorker.run(TestMethodWorker.java:122)
at java.base/java.util.ArrayList.forEach(ArrayList.java:1511)
at org.testng.TestRunner.privateRun(TestRunner.java:794)
at org.testng.TestRunner.run(TestRunner.java:596)
at org.testng.SuiteRunner.runTest(SuiteRunner.java:377)
at org.testng.SuiteRunner.runSequentially(SuiteRunner.java:371)
at org.testng.SuiteRunner.privateRun(SuiteRunner.java:332)
at org.testng.SuiteRunner.run(SuiteRunner.java:276)
at org.testng.SuiteRunnerWorker.runSuite(SuiteRunnerWorker.java:53)
at org.testng.SuiteRunnerWorker.run(SuiteRunnerWorker.java:96)
at org.testng.TestNG.runSuitesSequentially(TestNG.java:1212)
at org.testng.TestNG.runSuitesLocally(TestNG.java:1134)
at org.testng.TestNG.runSuites(TestNG.java:1063)
at org.testng.TestNG.run(TestNG.java:1031)
at org.testng.remote.AbstractRemoteTestNG.run(AbstractRemoteTestNG.java:115)
at org.testng.remote.RemoteTestNG.initAndRun(RemoteTestNG.java:251)
at org.testng.remote.RemoteTestNG.main(RemoteTestNG.java:77)
]]>
    </failure>
  </testcase> <!-- @BeforeClass startSession -->
  <testcase classname="utilities.CommonOps" name="@BeforeMethod beforeMethod" time="-1.658208974296E9">
    <skipped/>
  </testcase> <!-- @BeforeMethod beforeMethod -->
  <testcase classname="utilities.CommonOps" name="@AfterMethod afterMethod" time="-1.658208974369E9">
    <skipped/>
  </testcase> <!-- @AfterMethod afterMethod -->
  <testcase classname="utilities.CommonOps" name="@BeforeMethod beforeMethod" time="-1.658208974376E9">
    <skipped/>
  </testcase> <!-- @BeforeMethod beforeMethod -->
  <testcase classname="utilities.CommonOps" name="@AfterMethod afterMethod" time="-1.658208974451E9">
    <skipped/>
  </testcase> <!-- @AfterMethod afterMethod -->
  <testcase classname="utilities.CommonOps" name="@AfterClass closeSession" time="-1.658208974457E9">
    <skipped/>
  </testcase> <!-- @AfterClass closeSession -->
  <testcase classname="sanity.SelectDayPassTest" name="test02_SelectDayPassInPune" time="0.0">
    <skipped/>
  </testcase> <!-- test02_SelectDayPassInPune -->
  <testcase classname="sanity.SelectDayPassTest" name="test02_SelectDayPassInPune" time="0.0">
    <skipped/>
  </testcase> <!-- test02_SelectDayPassInPune -->
</testsuite> <!-- Default test -->
